<?xml version="1.0" encoding="UTF-8" ?>
<testsuite failures="0" time="0.171" errors="0" skipped="0" tests="1" name="com.itheima.maven.TestMavenFirst">
  <properties>
    <property name="java.runtime.name" value="Java(TM) SE Runtime Environment"/>
    <property name="sun.boot.library.path" value="E:\01-soft\01-devTools\Java\jdk1.7.0_72\jre\bin"/>
    <property name="java.vm.version" value="24.72-b04"/>
    <property name="java.vm.vendor" value="Oracle Corporation"/>
    <property name="java.vendor.url" value="http://java.oracle.com/"/>
    <property name="path.separator" value=";"/>
    <property name="guice.disable.misplaced.annotation.check" value="true"/>
    <property name="java.vm.name" value="Java HotSpot(TM) Client VM"/>
    <property name="file.encoding.pkg" value="sun.io"/>
    <property name="user.script" value=""/>
    <property name="user.country" value="CN"/>
    <property name="sun.java.launcher" value="SUN_STANDARD"/>
    <property name="sun.os.patch.level" value=""/>
    <property name="java.vm.specification.name" value="Java Virtual Machine Specification"/>
    <property name="user.dir" value="E:\03-teach\03-讲课\hm19\06-maven\code\MavenFirst\MavenFirst"/>
    <property name="java.runtime.version" value="1.7.0_72-b14"/>
    <property name="java.awt.graphicsenv" value="sun.awt.Win32GraphicsEnvironment"/>
    <property name="java.endorsed.dirs" value="E:\01-soft\01-devTools\Java\jdk1.7.0_72\jre\lib\endorsed"/>
    <property name="os.arch" value="x86"/>
    <property name="java.io.tmpdir" value="C:\Users\think\AppData\Local\Temp\"/>
    <property name="line.separator" value="
"/>
    <property name="java.vm.specification.vendor" value="Oracle Corporation"/>
    <property name="user.variant" value=""/>
    <property name="os.name" value="Windows 8.1"/>
    <property name="classworlds.conf" value="E:\05-workspace\itcast\教学\.metadata\.plugins\org.maven.ide.eclipse\launches\m2conf8861939250663823952.tmp"/>
    <property name="sun.jnu.encoding" value="GBK"/>
    <property name="java.library.path" value="E:\01-soft\01-devTools\Java\jdk1.7.0_72\jre\bin;C:\Windows\Sun\Java\bin;C:\Windows\system32;C:\Windows;E:/01-soft/01-devTools/Java/jdk1.7.0_72/bin/client;E:/01-soft/01-devTools/Java/jdk1.7.0_72/bin;E:/01-soft/01-devTools/Java/jdk1.7.0_72/lib/i386;C:\Program Files (x86)\Intel\iCLS Client\;C:\Program Files\Intel\iCLS Client\;C:\Program Files (x86)\NVIDIA Corporation\PhysX\Common;C:\Windows\system32;C:\Windows;C:\Windows\System32\Wbem;C:\Windows\System32\WindowsPowerShell\v1.0\;C:\Program Files\Intel\Intel(R) Management Engine Components\DAL;C:\Program Files\Intel\Intel(R) Management Engine Components\IPT;C:\Program Files (x86)\Intel\Intel(R) Management Engine Components\DAL;C:\Program Files (x86)\Intel\Intel(R) Management Engine Components\IPT;E:\01-soft\01-devTools\VanDyke Software\Clients\;E:\01-soft\01-devTools\Java\jdk1.7.0_72\jre\bin;E:\08-repo\hm19\apache-maven-3.0.5\bin;E:\01-soft\01-devTools\tomcat\apache-tomcat-7.0.53-nexus\bin;C:\soft\eclipse;;."/>
    <property name="java.specification.name" value="Java Platform API Specification"/>
    <property name="java.class.version" value="51.0"/>
    <property name="sun.management.compiler" value="HotSpot Client Compiler"/>
    <property name="os.version" value="6.3"/>
    <property name="user.home" value="C:\Users\think"/>
    <property name="user.timezone" value="Asia/Shanghai"/>
    <property name="java.awt.printerjob" value="sun.awt.windows.WPrinterJob"/>
    <property name="java.specification.version" value="1.7"/>
    <property name="file.encoding" value="UTF-8"/>
    <property name="user.name" value="think"/>
    <property name="java.class.path" value="E:\08-repo\hm19\apache-maven-3.0.5\boot\plexus-classworlds-2.4.jar"/>
    <property name="java.vm.specification.version" value="1.7"/>
    <property name="sun.arch.data.model" value="32"/>
    <property name="java.home" value="E:\01-soft\01-devTools\Java\jdk1.7.0_72\jre"/>
    <property name="sun.java.command" value="org.codehaus.plexus.classworlds.launcher.Launcher -B -s E:\08-repo\hm19\settings.xml deploy"/>
    <property name="java.specification.vendor" value="Oracle Corporation"/>
    <property name="user.language" value="zh"/>
    <property name="awt.toolkit" value="sun.awt.windows.WToolkit"/>
    <property name="java.vm.info" value="mixed mode"/>
    <property name="java.version" value="1.7.0_72"/>
    <property name="java.ext.dirs" value="E:\01-soft\01-devTools\Java\jdk1.7.0_72\jre\lib\ext;C:\Windows\Sun\Java\lib\ext"/>
    <property name="sun.boot.class.path" value="E:\01-soft\01-devTools\Java\jdk1.7.0_72\lib\resources.jar;E:\01-soft\01-devTools\Java\jdk1.7.0_72\src.zip;E:\01-soft\01-devTools\Java\jdk1.7.0_72\lib\rt.jar;E:\01-soft\01-devTools\Java\jdk1.7.0_72\lib\jsse.jar;E:\01-soft\01-devTools\Java\jdk1.7.0_72\lib\jce.jar;E:\01-soft\01-devTools\Java\jdk1.7.0_72\lib\charsets.jar;E:\01-soft\01-devTools\Java\jdk1.7.0_72\lib\jfr.jar;E:\01-soft\01-devTools\Java\jdk1.7.0_72\lib\ext\access-bridge-32.jar;E:\01-soft\01-devTools\Java\jdk1.7.0_72\lib\ext\dnsns.jar;E:\01-soft\01-devTools\Java\jdk1.7.0_72\lib\ext\jaccess.jar;E:\01-soft\01-devTools\Java\jdk1.7.0_72\lib\ext\localedata.jar;E:\01-soft\01-devTools\Java\jdk1.7.0_72\lib\ext\sunec.jar;E:\01-soft\01-devTools\Java\jdk1.7.0_72\lib\ext\sunjce_provider.jar;E:\01-soft\01-devTools\Java\jdk1.7.0_72\lib\ext\sunmscapi.jar;E:\01-soft\01-devTools\Java\jdk1.7.0_72\lib\ext\sunpkcs11.jar;E:\01-soft\01-devTools\Java\jdk1.7.0_72\lib\ext\zipfs.jar"/>
    <property name="java.vendor" value="Oracle Corporation"/>
    <property name="maven.home" value="E:\08-repo\hm19\apache-maven-3.0.5"/>
    <property name="file.separator" value="\"/>
    <property name="java.vendor.url.bug" value="http://bugreport.sun.com/bugreport/"/>
    <property name="sun.cpu.endian" value="little"/>
    <property name="sun.io.unicode.encoding" value="UnicodeLittle"/>
    <property name="sun.desktop" value="windows"/>
    <property name="sun.cpu.isalist" value="pentium_pro+mmx pentium_pro pentium+mmx pentium i486 i386 i86"/>
  </properties>
  <testcase time="0.002" classname="com.itheima.maven.TestMavenFirst" name="testSayHello"/>
</testsuite>